<?xml version="1.0" encoding="UTF-8"?>
<!-- Generated by org.testng.reporters.JUnitXMLReporter -->
<testsuite ignored="0" hostname="DESKTOP-MOA5BMG" failures="1" tests="4" name="Test" time="34.182" errors="0" timestamp="2022-09-06T15:54:29 IST">
  <testcase classname="testng.TestCase2" name="forgotpassword" time="1.687"/>
  <testcase classname="testng.TestCase1" name="login" time="3.272"/>
  <testcase classname="testng.TestCase4" name="login" time="3.427">
    <failure type="java.lang.AssertionError" message="expected [wertyui] but found [Facebook – log in or sign up]">
      <![CDATA[java.lang.AssertionError: expected [wertyui] but found [Facebook – log in or sign up]
at testng.TestCase4.login(TestCase4.java:35)
at java.base/java.util.ArrayList.forEach(ArrayList.java:1511)
... Removed 33 stack frames]]>
    </failure>
  </testcase> <!-- login -->
  <testcase classname="testng.TestCase3" name="createpage" time="4.724"/>
</testsuite> <!-- Test -->
