<?xml version="1.0" encoding="UTF-8"?>
<testng-results ignored="0" total="3" passed="3" failed="0" skipped="0">
  <reporter-output>
  </reporter-output>
  <suite started-at="2022-09-06T17:14:07 IST" name="Default suite" finished-at="2022-09-06T17:14:41 IST" duration-ms="34733">
    <groups>
    </groups>
    <test started-at="2022-09-06T17:14:07 IST" name="Default test" finished-at="2022-09-06T17:14:41 IST" duration-ms="34733">
      <class name="testng.Sample">
        <test-method signature="demo(java.lang.String,java.lang.String)[pri:0, instance:testng.Sample@c333c60]" started-at="2022-09-06T17:14:07 IST" name="demo" data-provider="getData" finished-at="2022-09-06T17:14:20 IST" duration-ms="12984" status="PASS">
          <params>
            <param index="0">
              <value>
                <![CDATA[adcdegfh]]>
              </value>
            </param>
            <param index="1">
              <value>
                <![CDATA[werftgw]]>
              </value>
            </param>
          </params>
          <reporter-output>
          </reporter-output>
        </test-method> <!-- demo -->
        <test-method signature="demo(java.lang.String,java.lang.String)[pri:0, instance:testng.Sample@c333c60]" started-at="2022-09-06T17:14:20 IST" name="demo" data-provider="getData" finished-at="2022-09-06T17:14:32 IST" duration-ms="12043" status="PASS">
          <params>
            <param index="0">
              <value>
                <![CDATA[1423457869]]>
              </value>
            </param>
            <param index="1">
              <value>
                <![CDATA[2457896489]]>
              </value>
            </param>
          </params>
          <reporter-output>
          </reporter-output>
        </test-method> <!-- demo -->
        <test-method signature="demo(java.lang.String,java.lang.String)[pri:0, instance:testng.Sample@c333c60]" started-at="2022-09-06T17:14:32 IST" name="demo" data-provider="getData" finished-at="2022-09-06T17:14:41 IST" duration-ms="9636" status="PASS">
          <params>
            <param index="0">
              <value>
                <![CDATA[kpmshwuw@#^&%#]]>
              </value>
            </param>
            <param index="1">
              <value>
                <![CDATA[254785angcydsg#@$^%&]]>
              </value>
            </param>
          </params>
          <reporter-output>
          </reporter-output>
        </test-method> <!-- demo -->
      </class> <!-- testng.Sample -->
    </test> <!-- Default test -->
  </suite> <!-- Default suite -->
</testng-results>
