<?xml version="1.0" encoding="UTF-8"?>
<!-- Generated by org.testng.reporters.JUnitReportReporter -->
<testsuite hostname="DESKTOP-MOA5BMG" failures="0" tests="1" name="testng.TestCase4" time="10.774" errors="0" timestamp="2022-09-06T16:20:02 IST" skipped="0">
  <testcase classname="testng.TestCase4" name="login" time="10.774"/>
  <system-out>
    <![CDATA[Facebook – log in or sign up
https://www.facebook.com/login/?privacy_mutation_token=eyJ0eXBlIjowLCJjcmVhdGlvbl90aW1lIjoxNjYyNDYxMzk1LCJjYWxsc2l0ZV9pZCI6MzgxMjI5MDc5NTc1OTQ2fQ%3D%3D]]>
  </system-out>
</testsuite> <!-- testng.TestCase4 -->
